<html>
<body>
<pre>
<h1>µVision Build Log</h1>
<h2>Tool Versions:</h2>
IDE-Version: µVision V5.24.2.0
Copyright (C) 2017 ARM Ltd and ARM Germany GmbH. All rights reserved.
License Information: Nick Elliott, U of U, LIC=----
 
Tool Versions:
Toolchain:       MDK-Lite  Version: 5.24.1
Toolchain Path:  C:\Users\Nickj\Desktop\NickSpring2018\ARM\ARMCC\Bin
C Compiler:      Armcc.exe V5.06 update 5 (build 528)
Assembler:       Armasm.exe V5.06 update 5 (build 528)
Linker/Locator:  ArmLink.exe V5.06 update 5 (build 528)
Library Manager: ArmAr.exe V5.06 update 5 (build 528)
Hex Converter:   FromElf.exe V5.06 update 5 (build 528)
CPU DLL:         SARMCM3.DLL V5.24.1
Dialog DLL:      DARMCM1.DLL V1.18.0.0
Target DLL:      STLink\ST-LINKIII-KEIL_SWO.dll V3.0.1.0
Dialog DLL:      TARMCM1.DLL V1.13.0.0
 
<h2>Project:</h2>
C:\Users\Nickj\Desktop\Embedded_Projects\lab1\MDK-ARM\lab1.uvprojx
Project File Date:  01/30/2018

<h2>Output:</h2>
*** Using Compiler 'V5.06 update 5 (build 528)', folder: 'C:\Users\Nickj\Desktop\NickSpring2018\ARM\ARMCC\Bin'
Build target 'lab1'
assembling startup_stm32f072xb.s...
compiling main.c...
../Src/main.c(53): error:  #55-D: too many arguments in invocation of macro "Error_Handler" 
  void Error_Handler(void);
../Src/main.c(53): error:  #79: expected a type specifier
  void 
rror_Handler(void);
../Src/main.c(53): error:  #79: expected a type specifier
  void 
rror_Handler(void);
../Src/main.c(84): warning:  #177-D: variable "initStr"  was declared but never referenced
  GPIO_InitTypeDef initStr = {GPIO_PIN_8 | GPIO_PIN_9,
../Src/main.c(250): error:  #55-D: too many arguments in invocation of macro "Error_Handler" 
  void Error_Handler(void)
../Src/main.c(250): error:  #79: expected a type specifier
  void 
rror_Handler(void)
../Src/main.c(250): error:  #79: expected a type specifier
  void 
rror_Handler(void)
../Src/main.c(250): error:  #141-D: unnamed prototyped parameters not allowed when body is present
  void Error_Handler(void)
../Src/main.c: 1 warning, 7 errors
compiling stm32f0xx_it.c...
compiling stm32f0xx_hal_msp.c...
compiling system_stm32f0xx.c...
compiling stm32f0xx_hal_pwr.c...
compiling stm32f0xx_hal_i2c.c...
compiling stm32f0xx_hal_cortex.c...
compiling stm32f0xx_hal_gpio.c...
compiling stm32f0xx_hal_tim.c...
compiling stm32f0xx_hal_pwr_ex.c...
compiling stm32f0xx_hal.c...
compiling stm32f0xx_hal_flash.c...
compiling stm32f0xx_hal_i2c_ex.c...
compiling stm32f0xx_hal_dma.c...
compiling stm32f0xx_hal_rcc_ex.c...
compiling stm32f0xx_hal_tim_ex.c...
compiling stm32f0xx_hal_flash_ex.c...
compiling stm32f0xx_hal_rcc.c...
"lab1\lab1.axf" - 7 Error(s), 1 Warning(s).

<h2>Software Packages used:</h2>

Package Vendor: ARM
                http://www.keil.com/pack/ARM.CMSIS.5.0.1.pack
                ARM.CMSIS.5.0.1
                CMSIS (Cortex Microcontroller Software Interface Standard)
   * Component: CORE Version: 5.0.1

<h2>Collection of Component include folders:</h2>
  .\RTE\_lab1
  C:\Users\Nickj\Desktop\NickSpring2018\ARM\PACK\ARM\CMSIS\5.0.1\CMSIS\Include

<h2>Collection of Component Files used:</h2>

   * Component: ARM::CMSIS:CORE:5.0.1
Target not created.
Build Time Elapsed:  00:00:21
</pre>
</body>
</html>
